[17:36:31.678] Global cache location '/home/sage/.cache/typescript/4.8', safe file path '/home/sage/code/t3-13/node_modules/.pnpm/typescript@4.8.4/node_modules/typescript/lib/typingSafeList.json', types map path /home/sage/code/t3-13/node_modules/.pnpm/typescript@4.8.4/node_modules/typescript/lib/typesMap.json
[17:36:31.684] Processing cache location '/home/sage/.cache/typescript/4.8'
[17:36:31.684] Trying to find '/home/sage/.cache/typescript/4.8/package.json'...
[17:36:31.702] Loaded content of '/home/sage/.cache/typescript/4.8/package.json': {"private":true,"dependencies":{"types-registry":"^0.1.613"},"devDependencies":{"@types/babel__core":"^7.1.19","@types/cookie":"^0.5.1","@types/eslint":"^8.4.6","@types/pug":"^2.0.6","@types/sass":"^1.43.1"}}
[17:36:31.702] Loaded content of '/home/sage/.cache/typescript/4.8/package-lock.json'
[17:36:31.731] Adding entry into typings cache: 'babel__core' => '/home/sage/.cache/typescript/4.8/node_modules/@types/babel__core/index.d.ts'
[17:36:31.735] Adding entry into typings cache: 'cookie' => '/home/sage/.cache/typescript/4.8/node_modules/@types/cookie/index.d.ts'
[17:36:31.747] Adding entry into typings cache: 'eslint' => '/home/sage/.cache/typescript/4.8/node_modules/@types/eslint/index.d.ts'
[17:36:31.750] Adding entry into typings cache: 'pug' => '/home/sage/.cache/typescript/4.8/node_modules/@types/pug/index.d.ts'
[17:36:31.758] Adding entry into typings cache: 'sass' => '/home/sage/.cache/typescript/4.8/node_modules/@types/sass/index.d.ts'
[17:36:31.758] Finished processing cache location '/home/sage/.cache/typescript/4.8'
[17:36:31.759] Process id: 101369
[17:36:31.760] NPM location: "/home/sage/.local/share/pnpm/nodejs/16.16.0/bin/npm" (explicit '--npmLocation' not  provided)
[17:36:31.760] validateDefaultNpmLocation: true
[17:36:31.760] Npm config file: /home/sage/.cache/typescript/4.8/package.json
[17:36:31.760] Updating types-registry npm package...
[17:36:31.760] Exec: "/home/sage/.local/share/pnpm/nodejs/16.16.0/bin/npm" install --ignore-scripts types-registry@latest
[17:36:33.252]     Succeeded. stdout:
    
    changed 1 package, and audited 18 packages in 1s

found 0 vulnerabilities

[17:36:33.252] Updated types-registry npm package
