Info 0    [17:37:14.466] Starting TS Server
Info 1    [17:37:14.467] Version: 4.8.4
Info 2    [17:37:14.467] Arguments: /home/sage/.local/share/pnpm/nodejs/16.16.0/bin/node /home/sage/code/t3-13/node_modules/typescript/lib/tsserver.js --useInferredProjectPerProjectRoot --cancellationPipeName /tmp/74e8ff42eb0a642cac87ccfb35d6da44/tscancellation* --logFile /home/sage/code/t3-13/.log/tsserver.log --logVerbosity info --locale en --validateDefaultNpmLocation --useNodeIpc
Info 3    [17:37:14.467] Platform: linux NodeVersion: 16 CaseSensitive: true
Info 4    [17:37:14.467] ServerMode: undefined syntaxOnly: false hasUnknownServerMode: undefined
Info 5    [17:37:14.495] Format host information updated
Info 6    [17:37:14.600] Search path: /home/sage/code/t3-13/src/app
Info 7    [17:37:14.601] For info: /home/sage/code/t3-13/src/app/layout.tsx :: Config file name: /home/sage/code/t3-13/tsconfig.json
Info 8    [17:37:14.601] Creating configuration project /home/sage/code/t3-13/tsconfig.json
Info 9    [17:37:14.683] Config: /home/sage/code/t3-13/tsconfig.json : {
 "rootNames": [
  "/home/sage/code/t3-13/next-env.d.ts",
  "/home/sage/code/t3-13/src/app/layout.tsx",
  "/home/sage/code/t3-13/src/app/page.tsx",
  "/home/sage/code/t3-13/postcss.config.cjs",
  "/home/sage/code/t3-13/prettier.config.cjs",
  "/home/sage/code/t3-13/tailwind.config.cjs",
  "/home/sage/code/t3-13/next.config.mjs",
  "/home/sage/code/t3-13/src/env/client.mjs",
  "/home/sage/code/t3-13/src/env/schema.mjs",
  "/home/sage/code/t3-13/src/env/server.mjs"
 ],
 "options": {
  "target": 4,
  "lib": [
   "lib.dom.d.ts",
   "lib.dom.iterable.d.ts",
   "lib.esnext.d.ts"
  ],
  "allowJs": true,
  "skipLibCheck": true,
  "strict": true,
  "forceConsistentCasingInFileNames": true,
  "noEmit": true,
  "esModuleInterop": true,
  "module": 99,
  "moduleResolution": 2,
  "resolveJsonModule": true,
  "isolatedModules": true,
  "jsx": 1,
  "incremental": true,
  "noUncheckedIndexedAccess": true,
  "plugins": [
   {
    "name": "next"
   }
  ],
  "configFilePath": "/home/sage/code/t3-13/tsconfig.json"
 }
}
Info 10   [17:37:14.711] Enabling plugin next from candidate paths: /home/sage/code/t3-13/node_modules/.pnpm/typescript@4.8.4/node_modules/typescript/lib/tsserver.js/../../..
Info 11   [17:37:14.712] Loading next from /home/sage/code/t3-13/node_modules/.pnpm/typescript@4.8.4/node_modules/typescript/lib/tsserver.js/../../.. (resolved to /home/sage/code/t3-13/node_modules/.pnpm/typescript@4.8.4/node_modules/node_modules)
Info 12   [17:37:14.795] Starting Next.js TypeScript plugin: /home/sage/code/t3-13/app
Info 13   [17:37:14.796] Plugin validation succeeded
Info 14   [17:37:14.813] Starting updateGraphWorker: Project: /home/sage/code/t3-13/tsconfig.json
Info 15   [17:37:17.453] Finishing updateGraphWorker: Project: /home/sage/code/t3-13/tsconfig.json Version: 1 structureChanged: true structureIsReused:: Not Elapsed: 2639.848824992776ms
Info 16   [17:37:17.453] Project '/home/sage/code/t3-13/tsconfig.json' (Configured)
Info 17   [17:37:17.453] 	Files (246)

Info 18   [17:37:17.453] -----------------------------------------------
Info 19   [17:37:18.526] DirectoryWatcher:: Triggered with /home/sage/code/t3-13/.log/ti-101580.log 0:: WatchInfo: /home/sage/code/t3-13 1 undefined Config: /home/sage/code/t3-13/tsconfig.json WatchType: Wild card directory
Info 20   [17:37:18.526] Project: /home/sage/code/t3-13/tsconfig.json Detected file add/remove of non supported extension: /home/sage/code/t3-13/.log/ti-101580.log
Info 21   [17:37:18.526] Elapsed:: 0.4458349943161011ms DirectoryWatcher:: Triggered with /home/sage/code/t3-13/.log/ti-101580.log 0:: WatchInfo: /home/sage/code/t3-13 1 undefined Config: /home/sage/code/t3-13/tsconfig.json WatchType: Wild card directory
Info 22   [17:37:25.958] DirectoryWatcher:: Triggered with /home/sage/code/t3-13/src/app/layout.tsx 0:: WatchInfo: /home/sage/code/t3-13 1 undefined Config: /home/sage/code/t3-13/tsconfig.json WatchType: Wild card directory
Info 23   [17:37:25.959] Elapsed:: 0.7166949957609177ms DirectoryWatcher:: Triggered with /home/sage/code/t3-13/src/app/layout.tsx 0:: WatchInfo: /home/sage/code/t3-13 1 undefined Config: /home/sage/code/t3-13/tsconfig.json WatchType: Wild card directory
Info 24   [17:37:25.959] DirectoryWatcher:: Triggered with /home/sage/code/t3-13/.next/static/webpack/webpack.3523d53fd881a1b8.hot-update.js 1:: WatchInfo: /home/sage/code/t3-13 1 undefined Config: /home/sage/code/t3-13/tsconfig.json WatchType: Wild card directory
Info 25   [17:37:25.960] Elapsed:: 0.5051330029964447ms DirectoryWatcher:: Triggered with /home/sage/code/t3-13/.next/static/webpack/webpack.3523d53fd881a1b8.hot-update.js 1:: WatchInfo: /home/sage/code/t3-13 1 undefined Config: /home/sage/code/t3-13/tsconfig.json WatchType: Wild card directory
Info 26   [17:37:25.960] DirectoryWatcher:: Triggered with /home/sage/code/t3-13/.next/static/webpack/3523d53fd881a1b8.webpack.hot-update.json 2:: WatchInfo: /home/sage/code/t3-13 1 undefined Config: /home/sage/code/t3-13/tsconfig.json WatchType: Wild card directory
Info 27   [17:37:25.960] Elapsed:: 0.29774899780750275ms DirectoryWatcher:: Triggered with /home/sage/code/t3-13/.next/static/webpack/3523d53fd881a1b8.webpack.hot-update.json 2:: WatchInfo: /home/sage/code/t3-13 1 undefined Config: /home/sage/code/t3-13/tsconfig.json WatchType: Wild card directory
Info 28   [17:37:25.960] DirectoryWatcher:: Triggered with /home/sage/code/t3-13/src/app/layout.tsx 0:: WatchInfo: /home/sage/code/t3-13/src 1 undefined Project: /home/sage/code/t3-13/tsconfig.json WatchType: Failed Lookup Locations
Info 29   [17:37:25.961] Elapsed:: 0.19288499653339386ms DirectoryWatcher:: Triggered with /home/sage/code/t3-13/src/app/layout.tsx 0:: WatchInfo: /home/sage/code/t3-13/src 1 undefined Project: /home/sage/code/t3-13/tsconfig.json WatchType: Failed Lookup Locations
Info 30   [17:37:26.217] Starting updateGraphWorker: Project: /home/sage/code/t3-13/tsconfig.json
Info 31   [17:37:26.275] Finishing updateGraphWorker: Project: /home/sage/code/t3-13/tsconfig.json Version: 2 structureChanged: true structureIsReused:: Not Elapsed: 58.54192300140858ms
Info 32   [17:37:26.275] Project '/home/sage/code/t3-13/tsconfig.json' (Configured)
Info 33   [17:37:26.275] 	Files (245)

Info 34   [17:37:26.276] -----------------------------------------------
Info 35   [17:37:28.460] Before ensureProjectForOpenFiles:
Info 36   [17:37:28.462] Starting updateGraphWorker: Project: /dev/null/inferredProject1*
Info 37   [17:37:30.318] Finishing updateGraphWorker: Project: /dev/null/inferredProject1* Version: 1 structureChanged: true structureIsReused:: Not Elapsed: 1856.3124759942293ms
Info 38   [17:37:30.318] Project '/dev/null/inferredProject1*' (Inferred)
Info 39   [17:37:30.318] 	Files (159)

Info 40   [17:37:30.318] -----------------------------------------------
Info 41   [17:37:30.323] AutoImportProviderProject: found 2 root files in 2 dependencies in 3.761702999472618 ms
Info 42   [17:37:30.324] Starting updateGraphWorker: Project: /dev/null/autoImportProviderProject1*
Info 43   [17:37:30.430] Finishing updateGraphWorker: Project: /dev/null/autoImportProviderProject1* Version: 1 structureChanged: true structureIsReused:: Not Elapsed: 105.71526899933815ms
Info 44   [17:37:30.430] Project '/dev/null/autoImportProviderProject1*' (AutoImportProvider)
Info 45   [17:37:30.430] 	Files (157)

Info 46   [17:37:30.430] -----------------------------------------------
Info 47   [17:37:30.431] After ensureProjectForOpenFiles:
Info 48   [17:37:30.431] got projects updated in background, updating diagnostics for /home/sage/code/t3-13/src/app/layout.tsx
Info 49   [17:37:30.432] DirectoryWatcher:: Triggered with /home/sage/code/t3-13 :: WatchInfo: /home/sage/code/t3-13 1 undefined Config: /home/sage/code/t3-13/tsconfig.json WatchType: Wild card directory
Info 50   [17:37:30.432] Elapsed:: 0.15829800069332123ms DirectoryWatcher:: Triggered with /home/sage/code/t3-13 :: WatchInfo: /home/sage/code/t3-13 1 undefined Config: /home/sage/code/t3-13/tsconfig.json WatchType: Wild card directory
Info 51   [17:37:30.432] DirectoryWatcher:: Triggered with /home/sage/code/t3-13/src/app/layout.tsx 0:: WatchInfo: /home/sage/code/t3-13/src 1 undefined Project: /home/sage/code/t3-13/tsconfig.json WatchType: Failed Lookup Locations
Info 52   [17:37:30.432] Elapsed:: 0.01941099762916565ms DirectoryWatcher:: Triggered with /home/sage/code/t3-13/src/app/layout.tsx 0:: WatchInfo: /home/sage/code/t3-13/src 1 undefined Project: /home/sage/code/t3-13/tsconfig.json WatchType: Failed Lookup Locations
Info 53   [17:37:30.432] DirectoryWatcher:: Triggered with /home/sage/code/t3-13/src/app/layout.tsx 0:: WatchInfo: /home/sage/code/t3-13/src 1 undefined Project: /dev/null/inferredProject1* WatchType: Failed Lookup Locations
Info 54   [17:37:30.432] Elapsed:: 0.018001005053520203ms DirectoryWatcher:: Triggered with /home/sage/code/t3-13/src/app/layout.tsx 0:: WatchInfo: /home/sage/code/t3-13/src 1 undefined Project: /dev/null/inferredProject1* WatchType: Failed Lookup Locations
Info 55   [17:37:30.691] Starting updateGraphWorker: Project: /home/sage/code/t3-13/tsconfig.json
Info 56   [17:37:30.747] Finishing updateGraphWorker: Project: /home/sage/code/t3-13/tsconfig.json Version: 3 structureChanged: true structureIsReused:: Not Elapsed: 55.93766099214554ms
Info 57   [17:37:30.747] Project '/home/sage/code/t3-13/tsconfig.json' (Configured)
Info 58   [17:37:30.747] 	Files (246)

Info 59   [17:37:30.747] -----------------------------------------------
Info 60   [17:37:32.932] Before ensureProjectForOpenFiles:
Info 61   [17:37:32.932] Starting updateGraphWorker: Project: /dev/null/inferredProject1*
Info 62   [17:37:32.943] Finishing updateGraphWorker: Project: /dev/null/inferredProject1* Version: 2 structureChanged: true structureIsReused:: Not Elapsed: 10.522870987653732ms
Info 63   [17:37:32.943] Project '/dev/null/inferredProject1*' (Inferred)
Info 64   [17:37:32.943] 	Files (0)

Info 65   [17:37:32.943] -----------------------------------------------
Info 66   [17:37:32.943] Project '/dev/null/autoImportProviderProject1*' (AutoImportProvider)
Info 67   [17:37:32.943] 	Files (157)

Info 68   [17:37:32.943] -----------------------------------------------
Info 69   [17:37:32.943] After ensureProjectForOpenFiles:
Info 70   [17:37:32.943] got projects updated in background, updating diagnostics for /home/sage/code/t3-13/src/app/layout.tsx
Info 71   [17:37:35.397] Starting updateGraphWorker: Project: /dev/null/inferredProject1*
Info 72   [17:37:37.424] Finishing updateGraphWorker: Project: /dev/null/inferredProject1* Version: 3 structureChanged: true structureIsReused:: Not Elapsed: 2026.4575140029192ms
Info 73   [17:37:37.424] Project '/dev/null/inferredProject1*' (Inferred)
Info 74   [17:37:37.424] 	Files (533)

Info 75   [17:37:37.424] -----------------------------------------------
Info 76   [17:37:37.424] Project '/dev/null/autoImportProviderProject1*' (AutoImportProvider)
Info 77   [17:37:37.424] 	Files (157)

Info 78   [17:37:37.424] -----------------------------------------------
Info 79   [17:37:37.648] Before ensureProjectForOpenFiles:
Info 80   [17:37:37.648] After ensureProjectForOpenFiles:
Info 81   [17:37:37.648] got projects updated in background, updating diagnostics for /home/sage/code/t3-13/src/app/layout.tsx
Info 82   [17:38:30.802] DirectoryWatcher:: Triggered with /home/sage/code/t3-13/.next/cache/webpack/client-development/1.pack_ 0:: WatchInfo: /home/sage/code/t3-13 1 undefined Config: /home/sage/code/t3-13/tsconfig.json WatchType: Wild card directory
Info 83   [17:38:30.803] Project: /home/sage/code/t3-13/tsconfig.json Detected file add/remove of non supported extension: /home/sage/code/t3-13/.next/cache/webpack/client-development/1.pack_
Info 84   [17:38:30.803] Elapsed:: 0.16237600147724152ms DirectoryWatcher:: Triggered with /home/sage/code/t3-13/.next/cache/webpack/client-development/1.pack_ 0:: WatchInfo: /home/sage/code/t3-13 1 undefined Config: /home/sage/code/t3-13/tsconfig.json WatchType: Wild card directory
Info 85   [17:38:30.803] DirectoryWatcher:: Triggered with /home/sage/code/t3-13/.next/cache/webpack/client-development/0.pack_ 1:: WatchInfo: /home/sage/code/t3-13 1 undefined Config: /home/sage/code/t3-13/tsconfig.json WatchType: Wild card directory
Info 86   [17:38:30.803] Project: /home/sage/code/t3-13/tsconfig.json Detected file add/remove of non supported extension: /home/sage/code/t3-13/.next/cache/webpack/client-development/0.pack_
Info 87   [17:38:30.803] Elapsed:: 0.052476003766059875ms DirectoryWatcher:: Triggered with /home/sage/code/t3-13/.next/cache/webpack/client-development/0.pack_ 1:: WatchInfo: /home/sage/code/t3-13 1 undefined Config: /home/sage/code/t3-13/tsconfig.json WatchType: Wild card directory
Info 88   [17:38:30.803] DirectoryWatcher:: Triggered with /home/sage/code/t3-13/.next/cache/webpack/client-development/index.pack_ 2:: WatchInfo: /home/sage/code/t3-13 1 undefined Config: /home/sage/code/t3-13/tsconfig.json WatchType: Wild card directory
Info 89   [17:38:30.803] Project: /home/sage/code/t3-13/tsconfig.json Detected file add/remove of non supported extension: /home/sage/code/t3-13/.next/cache/webpack/client-development/index.pack_
Info 90   [17:38:30.803] Elapsed:: 0.045072004199028015ms DirectoryWatcher:: Triggered with /home/sage/code/t3-13/.next/cache/webpack/client-development/index.pack_ 2:: WatchInfo: /home/sage/code/t3-13 1 undefined Config: /home/sage/code/t3-13/tsconfig.json WatchType: Wild card directory
Info 91   [17:38:30.803] DirectoryWatcher:: Triggered with /home/sage/code/t3-13/.next/cache/webpack/client-development/index.pack 3:: WatchInfo: /home/sage/code/t3-13 1 undefined Config: /home/sage/code/t3-13/tsconfig.json WatchType: Wild card directory
Info 92   [17:38:30.803] Project: /home/sage/code/t3-13/tsconfig.json Detected file add/remove of non supported extension: /home/sage/code/t3-13/.next/cache/webpack/client-development/index.pack
Info 93   [17:38:30.803] Elapsed:: 0.052414000034332275ms DirectoryWatcher:: Triggered with /home/sage/code/t3-13/.next/cache/webpack/client-development/index.pack 3:: WatchInfo: /home/sage/code/t3-13 1 undefined Config: /home/sage/code/t3-13/tsconfig.json WatchType: Wild card directory
Info 94   [17:38:30.803] DirectoryWatcher:: Triggered with /home/sage/code/t3-13/.next/cache/webpack/client-development/index.pack.old 4:: WatchInfo: /home/sage/code/t3-13 1 undefined Config: /home/sage/code/t3-13/tsconfig.json WatchType: Wild card directory
Info 95   [17:38:30.803] Project: /home/sage/code/t3-13/tsconfig.json Detected file add/remove of non supported extension: /home/sage/code/t3-13/.next/cache/webpack/client-development/index.pack.old
Info 96   [17:38:30.803] Elapsed:: 0.04081399738788605ms DirectoryWatcher:: Triggered with /home/sage/code/t3-13/.next/cache/webpack/client-development/index.pack.old 4:: WatchInfo: /home/sage/code/t3-13 1 undefined Config: /home/sage/code/t3-13/tsconfig.json WatchType: Wild card directory
Info 97   [17:38:30.803] DirectoryWatcher:: Triggered with /home/sage/code/t3-13/.next/cache/webpack/client-development/1.pack_ 5:: WatchInfo: /home/sage/code/t3-13 1 undefined Config: /home/sage/code/t3-13/tsconfig.json WatchType: Wild card directory
Info 98   [17:38:30.803] Project: /home/sage/code/t3-13/tsconfig.json Detected file add/remove of non supported extension: /home/sage/code/t3-13/.next/cache/webpack/client-development/1.pack_
Info 99   [17:38:30.803] Elapsed:: 0.04533499479293823ms DirectoryWatcher:: Triggered with /home/sage/code/t3-13/.next/cache/webpack/client-development/1.pack_ 5:: WatchInfo: /home/sage/code/t3-13 1 undefined Config: /home/sage/code/t3-13/tsconfig.json WatchType: Wild card directory
Info 100  [17:38:30.803] DirectoryWatcher:: Triggered with /home/sage/code/t3-13/.next/cache/webpack/client-development/1.pack 6:: WatchInfo: /home/sage/code/t3-13 1 undefined Config: /home/sage/code/t3-13/tsconfig.json WatchType: Wild card directory
Info 101  [17:38:30.803] Project: /home/sage/code/t3-13/tsconfig.json Detected file add/remove of non supported extension: /home/sage/code/t3-13/.next/cache/webpack/client-development/1.pack
Info 102  [17:38:30.803] Elapsed:: 0.03547699749469757ms DirectoryWatcher:: Triggered with /home/sage/code/t3-13/.next/cache/webpack/client-development/1.pack 6:: WatchInfo: /home/sage/code/t3-13 1 undefined Config: /home/sage/code/t3-13/tsconfig.json WatchType: Wild card directory
Info 103  [17:38:30.803] DirectoryWatcher:: Triggered with /home/sage/code/t3-13/.next/cache/webpack/client-development/0.pack_ 7:: WatchInfo: /home/sage/code/t3-13 1 undefined Config: /home/sage/code/t3-13/tsconfig.json WatchType: Wild card directory
Info 104  [17:38:30.803] Project: /home/sage/code/t3-13/tsconfig.json Detected file add/remove of non supported extension: /home/sage/code/t3-13/.next/cache/webpack/client-development/0.pack_
Info 105  [17:38:30.803] Elapsed:: 0.03235100209712982ms DirectoryWatcher:: Triggered with /home/sage/code/t3-13/.next/cache/webpack/client-development/0.pack_ 7:: WatchInfo: /home/sage/code/t3-13 1 undefined Config: /home/sage/code/t3-13/tsconfig.json WatchType: Wild card directory
Info 106  [17:38:30.803] DirectoryWatcher:: Triggered with /home/sage/code/t3-13/.next/cache/webpack/client-development/0.pack 8:: WatchInfo: /home/sage/code/t3-13 1 undefined Config: /home/sage/code/t3-13/tsconfig.json WatchType: Wild card directory
Info 107  [17:38:30.803] Project: /home/sage/code/t3-13/tsconfig.json Detected file add/remove of non supported extension: /home/sage/code/t3-13/.next/cache/webpack/client-development/0.pack
Info 108  [17:38:30.803] Elapsed:: 0.08576999604701996ms DirectoryWatcher:: Triggered with /home/sage/code/t3-13/.next/cache/webpack/client-development/0.pack 8:: WatchInfo: /home/sage/code/t3-13 1 undefined Config: /home/sage/code/t3-13/tsconfig.json WatchType: Wild card directory
Info 109  [17:38:30.803] DirectoryWatcher:: Triggered with /home/sage/code/t3-13/.next/cache/webpack/client-development/index.pack_ 9:: WatchInfo: /home/sage/code/t3-13 1 undefined Config: /home/sage/code/t3-13/tsconfig.json WatchType: Wild card directory
Info 110  [17:38:30.803] Project: /home/sage/code/t3-13/tsconfig.json Detected file add/remove of non supported extension: /home/sage/code/t3-13/.next/cache/webpack/client-development/index.pack_
Info 111  [17:38:30.803] Elapsed:: 0.05373701453208923ms DirectoryWatcher:: Triggered with /home/sage/code/t3-13/.next/cache/webpack/client-development/index.pack_ 9:: WatchInfo: /home/sage/code/t3-13 1 undefined Config: /home/sage/code/t3-13/tsconfig.json WatchType: Wild card directory
Info 112  [17:38:30.803] DirectoryWatcher:: Triggered with /home/sage/code/t3-13/.next/cache/webpack/client-development/index.pack 10:: WatchInfo: /home/sage/code/t3-13 1 undefined Config: /home/sage/code/t3-13/tsconfig.json WatchType: Wild card directory
Info 113  [17:38:30.803] Project: /home/sage/code/t3-13/tsconfig.json Detected file add/remove of non supported extension: /home/sage/code/t3-13/.next/cache/webpack/client-development/index.pack
Info 114  [17:38:30.803] Elapsed:: 0.034338995814323425ms DirectoryWatcher:: Triggered with /home/sage/code/t3-13/.next/cache/webpack/client-development/index.pack 10:: WatchInfo: /home/sage/code/t3-13 1 undefined Config: /home/sage/code/t3-13/tsconfig.json WatchType: Wild card directory
Info 115  [17:38:32.006] DirectoryWatcher:: Triggered with /home/sage/code/t3-13/.next/cache/webpack/server-development/1.pack_ 0:: WatchInfo: /home/sage/code/t3-13 1 undefined Config: /home/sage/code/t3-13/tsconfig.json WatchType: Wild card directory
Info 116  [17:38:32.006] Project: /home/sage/code/t3-13/tsconfig.json Detected file add/remove of non supported extension: /home/sage/code/t3-13/.next/cache/webpack/server-development/1.pack_
Info 117  [17:38:32.006] Elapsed:: 0.09955701231956482ms DirectoryWatcher:: Triggered with /home/sage/code/t3-13/.next/cache/webpack/server-development/1.pack_ 0:: WatchInfo: /home/sage/code/t3-13 1 undefined Config: /home/sage/code/t3-13/tsconfig.json WatchType: Wild card directory
Info 118  [17:38:32.007] DirectoryWatcher:: Triggered with /home/sage/code/t3-13/.next/cache/webpack/server-development/2.pack_ 1:: WatchInfo: /home/sage/code/t3-13 1 undefined Config: /home/sage/code/t3-13/tsconfig.json WatchType: Wild card directory
Info 119  [17:38:32.007] Project: /home/sage/code/t3-13/tsconfig.json Detected file add/remove of non supported extension: /home/sage/code/t3-13/.next/cache/webpack/server-development/2.pack_
Info 120  [17:38:32.007] Elapsed:: 0.056137993931770325ms DirectoryWatcher:: Triggered with /home/sage/code/t3-13/.next/cache/webpack/server-development/2.pack_ 1:: WatchInfo: /home/sage/code/t3-13 1 undefined Config: /home/sage/code/t3-13/tsconfig.json WatchType: Wild card directory
Info 121  [17:38:32.007] DirectoryWatcher:: Triggered with /home/sage/code/t3-13/.next/cache/webpack/server-development/0.pack_ 2:: WatchInfo: /home/sage/code/t3-13 1 undefined Config: /home/sage/code/t3-13/tsconfig.json WatchType: Wild card directory
Info 122  [17:38:32.007] Project: /home/sage/code/t3-13/tsconfig.json Detected file add/remove of non supported extension: /home/sage/code/t3-13/.next/cache/webpack/server-development/0.pack_
Info 123  [17:38:32.007] Elapsed:: 0.03717599809169769ms DirectoryWatcher:: Triggered with /home/sage/code/t3-13/.next/cache/webpack/server-development/0.pack_ 2:: WatchInfo: /home/sage/code/t3-13 1 undefined Config: /home/sage/code/t3-13/tsconfig.json WatchType: Wild card directory
Info 124  [17:38:32.007] DirectoryWatcher:: Triggered with /home/sage/code/t3-13/.next/cache/webpack/server-development/index.pack_ 3:: WatchInfo: /home/sage/code/t3-13 1 undefined Config: /home/sage/code/t3-13/tsconfig.json WatchType: Wild card directory
Info 125  [17:38:32.007] Project: /home/sage/code/t3-13/tsconfig.json Detected file add/remove of non supported extension: /home/sage/code/t3-13/.next/cache/webpack/server-development/index.pack_
Info 126  [17:38:32.007] Elapsed:: 0.040184006094932556ms DirectoryWatcher:: Triggered with /home/sage/code/t3-13/.next/cache/webpack/server-development/index.pack_ 3:: WatchInfo: /home/sage/code/t3-13 1 undefined Config: /home/sage/code/t3-13/tsconfig.json WatchType: Wild card directory
Info 127  [17:38:32.007] DirectoryWatcher:: Triggered with /home/sage/code/t3-13/.next/cache/webpack/server-development/index.pack 4:: WatchInfo: /home/sage/code/t3-13 1 undefined Config: /home/sage/code/t3-13/tsconfig.json WatchType: Wild card directory
Info 128  [17:38:32.007] Project: /home/sage/code/t3-13/tsconfig.json Detected file add/remove of non supported extension: /home/sage/code/t3-13/.next/cache/webpack/server-development/index.pack
Info 129  [17:38:32.007] Elapsed:: 0.05051200091838837ms DirectoryWatcher:: Triggered with /home/sage/code/t3-13/.next/cache/webpack/server-development/index.pack 4:: WatchInfo: /home/sage/code/t3-13 1 undefined Config: /home/sage/code/t3-13/tsconfig.json WatchType: Wild card directory
Info 130  [17:38:32.007] DirectoryWatcher:: Triggered with /home/sage/code/t3-13/.next/cache/webpack/server-development/index.pack.old 5:: WatchInfo: /home/sage/code/t3-13 1 undefined Config: /home/sage/code/t3-13/tsconfig.json WatchType: Wild card directory
Info 131  [17:38:32.007] Project: /home/sage/code/t3-13/tsconfig.json Detected file add/remove of non supported extension: /home/sage/code/t3-13/.next/cache/webpack/server-development/index.pack.old
Info 132  [17:38:32.007] Elapsed:: 0.040025994181632996ms DirectoryWatcher:: Triggered with /home/sage/code/t3-13/.next/cache/webpack/server-development/index.pack.old 5:: WatchInfo: /home/sage/code/t3-13 1 undefined Config: /home/sage/code/t3-13/tsconfig.json WatchType: Wild card directory
Info 133  [17:38:32.007] DirectoryWatcher:: Triggered with /home/sage/code/t3-13/.next/cache/webpack/server-development/2.pack_ 6:: WatchInfo: /home/sage/code/t3-13 1 undefined Config: /home/sage/code/t3-13/tsconfig.json WatchType: Wild card directory
Info 134  [17:38:32.007] Project: /home/sage/code/t3-13/tsconfig.json Detected file add/remove of non supported extension: /home/sage/code/t3-13/.next/cache/webpack/server-development/2.pack_
Info 135  [17:38:32.007] Elapsed:: 0.04115699231624603ms DirectoryWatcher:: Triggered with /home/sage/code/t3-13/.next/cache/webpack/server-development/2.pack_ 6:: WatchInfo: /home/sage/code/t3-13 1 undefined Config: /home/sage/code/t3-13/tsconfig.json WatchType: Wild card directory
Info 136  [17:38:32.007] DirectoryWatcher:: Triggered with /home/sage/code/t3-13/.next/cache/webpack/server-development/2.pack 7:: WatchInfo: /home/sage/code/t3-13 1 undefined Config: /home/sage/code/t3-13/tsconfig.json WatchType: Wild card directory
Info 137  [17:38:32.007] Project: /home/sage/code/t3-13/tsconfig.json Detected file add/remove of non supported extension: /home/sage/code/t3-13/.next/cache/webpack/server-development/2.pack
Info 138  [17:38:32.007] Elapsed:: 0.03279601037502289ms DirectoryWatcher:: Triggered with /home/sage/code/t3-13/.next/cache/webpack/server-development/2.pack 7:: WatchInfo: /home/sage/code/t3-13 1 undefined Config: /home/sage/code/t3-13/tsconfig.json WatchType: Wild card directory
Info 139  [17:38:32.007] DirectoryWatcher:: Triggered with /home/sage/code/t3-13/.next/cache/webpack/server-development/1.pack_ 8:: WatchInfo: /home/sage/code/t3-13 1 undefined Config: /home/sage/code/t3-13/tsconfig.json WatchType: Wild card directory
Info 140  [17:38:32.007] Project: /home/sage/code/t3-13/tsconfig.json Detected file add/remove of non supported extension: /home/sage/code/t3-13/.next/cache/webpack/server-development/1.pack_
Info 141  [17:38:32.007] Elapsed:: 0.16843199729919434ms DirectoryWatcher:: Triggered with /home/sage/code/t3-13/.next/cache/webpack/server-development/1.pack_ 8:: WatchInfo: /home/sage/code/t3-13 1 undefined Config: /home/sage/code/t3-13/tsconfig.json WatchType: Wild card directory
Info 142  [17:38:32.007] DirectoryWatcher:: Triggered with /home/sage/code/t3-13/.next/cache/webpack/server-development/1.pack 9:: WatchInfo: /home/sage/code/t3-13 1 undefined Config: /home/sage/code/t3-13/tsconfig.json WatchType: Wild card directory
Info 143  [17:38:32.007] Project: /home/sage/code/t3-13/tsconfig.json Detected file add/remove of non supported extension: /home/sage/code/t3-13/.next/cache/webpack/server-development/1.pack
Info 144  [17:38:32.007] Elapsed:: 0.04090400040149689ms DirectoryWatcher:: Triggered with /home/sage/code/t3-13/.next/cache/webpack/server-development/1.pack 9:: WatchInfo: /home/sage/code/t3-13 1 undefined Config: /home/sage/code/t3-13/tsconfig.json WatchType: Wild card directory
Info 145  [17:38:32.007] DirectoryWatcher:: Triggered with /home/sage/code/t3-13/.next/cache/webpack/server-development/0.pack_ 10:: WatchInfo: /home/sage/code/t3-13 1 undefined Config: /home/sage/code/t3-13/tsconfig.json WatchType: Wild card directory
Info 146  [17:38:32.007] Project: /home/sage/code/t3-13/tsconfig.json Detected file add/remove of non supported extension: /home/sage/code/t3-13/.next/cache/webpack/server-development/0.pack_
Info 147  [17:38:32.007] Elapsed:: 0.023926004767417908ms DirectoryWatcher:: Triggered with /home/sage/code/t3-13/.next/cache/webpack/server-development/0.pack_ 10:: WatchInfo: /home/sage/code/t3-13 1 undefined Config: /home/sage/code/t3-13/tsconfig.json WatchType: Wild card directory
Info 148  [17:38:32.007] DirectoryWatcher:: Triggered with /home/sage/code/t3-13/.next/cache/webpack/server-development/0.pack 11:: WatchInfo: /home/sage/code/t3-13 1 undefined Config: /home/sage/code/t3-13/tsconfig.json WatchType: Wild card directory
Info 149  [17:38:32.007] Project: /home/sage/code/t3-13/tsconfig.json Detected file add/remove of non supported extension: /home/sage/code/t3-13/.next/cache/webpack/server-development/0.pack
Info 150  [17:38:32.007] Elapsed:: 0.024470999836921692ms DirectoryWatcher:: Triggered with /home/sage/code/t3-13/.next/cache/webpack/server-development/0.pack 11:: WatchInfo: /home/sage/code/t3-13 1 undefined Config: /home/sage/code/t3-13/tsconfig.json WatchType: Wild card directory
Info 151  [17:38:32.007] DirectoryWatcher:: Triggered with /home/sage/code/t3-13/.next/cache/webpack/server-development/index.pack_ 12:: WatchInfo: /home/sage/code/t3-13 1 undefined Config: /home/sage/code/t3-13/tsconfig.json WatchType: Wild card directory
Info 152  [17:38:32.008] Project: /home/sage/code/t3-13/tsconfig.json Detected file add/remove of non supported extension: /home/sage/code/t3-13/.next/cache/webpack/server-development/index.pack_
Info 153  [17:38:32.008] Elapsed:: 0.02320300042629242ms DirectoryWatcher:: Triggered with /home/sage/code/t3-13/.next/cache/webpack/server-development/index.pack_ 12:: WatchInfo: /home/sage/code/t3-13 1 undefined Config: /home/sage/code/t3-13/tsconfig.json WatchType: Wild card directory
Info 154  [17:38:32.008] DirectoryWatcher:: Triggered with /home/sage/code/t3-13/.next/cache/webpack/server-development/index.pack 13:: WatchInfo: /home/sage/code/t3-13 1 undefined Config: /home/sage/code/t3-13/tsconfig.json WatchType: Wild card directory
Info 155  [17:38:32.008] Project: /home/sage/code/t3-13/tsconfig.json Detected file add/remove of non supported extension: /home/sage/code/t3-13/.next/cache/webpack/server-development/index.pack
Info 156  [17:38:32.008] Elapsed:: 0.02460099756717682ms DirectoryWatcher:: Triggered with /home/sage/code/t3-13/.next/cache/webpack/server-development/index.pack 13:: WatchInfo: /home/sage/code/t3-13 1 undefined Config: /home/sage/code/t3-13/tsconfig.json WatchType: Wild card directory
Info 157  [17:40:12.109] DirectoryWatcher:: Triggered with /home/sage/code/t3-13/src/_app.tsx 0:: WatchInfo: /home/sage/code/t3-13 1 undefined Config: /home/sage/code/t3-13/tsconfig.json WatchType: Wild card directory
Info 158  [17:40:12.109] Elapsed:: 0.6137859970331192ms DirectoryWatcher:: Triggered with /home/sage/code/t3-13/src/_app.tsx 0:: WatchInfo: /home/sage/code/t3-13 1 undefined Config: /home/sage/code/t3-13/tsconfig.json WatchType: Wild card directory
Info 159  [17:40:12.109] DirectoryWatcher:: Triggered with /home/sage/code/t3-13/src/_app.tsx 0:: WatchInfo: /home/sage/code/t3-13/src 1 undefined Project: /home/sage/code/t3-13/tsconfig.json WatchType: Failed Lookup Locations
Info 160  [17:40:12.110] Elapsed:: 0.22753100097179413ms DirectoryWatcher:: Triggered with /home/sage/code/t3-13/src/_app.tsx 0:: WatchInfo: /home/sage/code/t3-13/src 1 undefined Project: /home/sage/code/t3-13/tsconfig.json WatchType: Failed Lookup Locations
Info 161  [17:40:12.367] Starting updateGraphWorker: Project: /home/sage/code/t3-13/tsconfig.json
Info 162  [17:40:12.431] Finishing updateGraphWorker: Project: /home/sage/code/t3-13/tsconfig.json Version: 4 structureChanged: true structureIsReused:: Not Elapsed: 63.966422989964485ms
Info 163  [17:40:12.431] Project '/home/sage/code/t3-13/tsconfig.json' (Configured)
Info 164  [17:40:12.431] 	Files (247)

Info 165  [17:40:12.431] -----------------------------------------------
Info 166  [17:40:14.609] Before ensureProjectForOpenFiles:
Info 167  [17:40:14.610] After ensureProjectForOpenFiles:
Info 168  [17:40:14.610] got projects updated in background, updating diagnostics for /home/sage/code/t3-13/src/app/layout.tsx
Info 169  [17:40:23.214] Search path: /home/sage/code/t3-13/src
Info 170  [17:40:23.214] For info: /home/sage/code/t3-13/src/_app.tsx :: Config file name: /home/sage/code/t3-13/tsconfig.json
Info 171  [17:40:23.215] `remove Project::
Info 172  [17:40:23.215] Project '/dev/null/inferredProject1*' (Inferred)
Info 173  [17:40:23.215] 	Files (533)

Info 174  [17:40:23.215] -----------------------------------------------
Info 175  [17:40:23.215] Project '/dev/null/autoImportProviderProject1*' (AutoImportProvider)
Info 176  [17:40:23.215] 	Files (157)

Info 177  [17:40:23.215] -----------------------------------------------
Info 178  [17:40:34.305] Search path: /home/sage/code/t3-13/src/app
Info 179  [17:40:34.306] For info: /home/sage/code/t3-13/src/app/layout.tsx :: Config file name: /home/sage/code/t3-13/tsconfig.json
Info 180  [17:40:34.306] Starting updateGraphWorker: Project: /home/sage/code/t3-13/tsconfig.json
Info 181  [17:40:34.398] Finishing updateGraphWorker: Project: /home/sage/code/t3-13/tsconfig.json Version: 5 structureChanged: true structureIsReused:: SafeModules Elapsed: 92.26192800700665ms
Info 182  [17:40:34.398] Different program with same set of files
Info 183  [17:40:53.342] Starting updateGraphWorker: Project: /home/sage/code/t3-13/tsconfig.json
Info 184  [17:40:53.355] Finishing updateGraphWorker: Project: /home/sage/code/t3-13/tsconfig.json Version: 6 structureChanged: false structureIsReused:: Completely Elapsed: 12.86082899570465ms
Info 185  [17:40:53.355] Different program with same set of files
Info 186  [17:40:53.530] Starting updateGraphWorker: Project: /home/sage/code/t3-13/tsconfig.json
Info 187  [17:40:53.541] Finishing updateGraphWorker: Project: /home/sage/code/t3-13/tsconfig.json Version: 7 structureChanged: false structureIsReused:: Completely Elapsed: 10.601829007267952ms
Info 188  [17:40:53.541] Different program with same set of files
Info 189  [17:40:54.127] Starting updateGraphWorker: Project: /home/sage/code/t3-13/tsconfig.json
Info 190  [17:40:54.142] Finishing updateGraphWorker: Project: /home/sage/code/t3-13/tsconfig.json Version: 8 structureChanged: false structureIsReused:: Completely Elapsed: 14.653262004256248ms
Info 191  [17:40:54.142] Different program with same set of files
Info 192  [17:41:48.478] Starting updateGraphWorker: Project: /home/sage/code/t3-13/tsconfig.json
Info 193  [17:41:48.488] Finishing updateGraphWorker: Project: /home/sage/code/t3-13/tsconfig.json Version: 9 structureChanged: false structureIsReused:: Completely Elapsed: 10.026954010128975ms
Info 194  [17:41:48.488] Different program with same set of files
Info 195  [17:41:48.609] Starting updateGraphWorker: Project: /home/sage/code/t3-13/tsconfig.json
Info 196  [17:41:48.633] Finishing updateGraphWorker: Project: /home/sage/code/t3-13/tsconfig.json Version: 10 structureChanged: false structureIsReused:: Completely Elapsed: 23.2501679956913ms
Info 197  [17:41:48.633] Different program with same set of files
Info 198  [17:41:49.045] Starting updateGraphWorker: Project: /home/sage/code/t3-13/tsconfig.json
Info 199  [17:41:49.064] Finishing updateGraphWorker: Project: /home/sage/code/t3-13/tsconfig.json Version: 11 structureChanged: false structureIsReused:: Completely Elapsed: 19.16109800338745ms
Info 200  [17:41:49.064] Different program with same set of files
Info 201  [17:41:50.798] Starting updateGraphWorker: Project: /home/sage/code/t3-13/tsconfig.json
Info 202  [17:41:50.860] Finishing updateGraphWorker: Project: /home/sage/code/t3-13/tsconfig.json Version: 12 structureChanged: true structureIsReused:: SafeModules Elapsed: 61.465891003608704ms
Info 203  [17:41:50.860] Different program with same set of files
Info 204  [17:41:51.014] Starting updateGraphWorker: Project: /home/sage/code/t3-13/tsconfig.json
Info 205  [17:41:51.066] Finishing updateGraphWorker: Project: /home/sage/code/t3-13/tsconfig.json Version: 13 structureChanged: true structureIsReused:: SafeModules Elapsed: 51.92594599723816ms
Info 206  [17:41:51.066] Different program with same set of files
Info 207  [17:41:51.100] Starting updateGraphWorker: Project: /home/sage/code/t3-13/tsconfig.json
Info 208  [17:41:51.190] Finishing updateGraphWorker: Project: /home/sage/code/t3-13/tsconfig.json Version: 14 structureChanged: true structureIsReused:: SafeModules Elapsed: 90.75131799280643ms
Info 209  [17:41:51.190] Different program with same set of files
Info 210  [17:41:51.540] Starting updateGraphWorker: Project: /home/sage/code/t3-13/tsconfig.json
Info 211  [17:41:51.588] Finishing updateGraphWorker: Project: /home/sage/code/t3-13/tsconfig.json Version: 15 structureChanged: true structureIsReused:: SafeModules Elapsed: 47.23914800584316ms
Info 212  [17:41:51.588] Different program with same set of files
Info 213  [17:41:51.760] Starting updateGraphWorker: Project: /home/sage/code/t3-13/tsconfig.json
Info 214  [17:41:51.808] Finishing updateGraphWorker: Project: /home/sage/code/t3-13/tsconfig.json Version: 16 structureChanged: true structureIsReused:: SafeModules Elapsed: 47.895267993211746ms
Info 215  [17:41:51.808] Different program with same set of files
Info 216  [17:41:51.907] Starting updateGraphWorker: Project: /home/sage/code/t3-13/tsconfig.json
Info 217  [17:41:51.947] Finishing updateGraphWorker: Project: /home/sage/code/t3-13/tsconfig.json Version: 17 structureChanged: true structureIsReused:: SafeModules Elapsed: 39.54744701087475ms
Info 218  [17:41:51.947] Different program with same set of files
Info 219  [17:41:52.404] Starting updateGraphWorker: Project: /home/sage/code/t3-13/tsconfig.json
Info 220  [17:41:52.451] Finishing updateGraphWorker: Project: /home/sage/code/t3-13/tsconfig.json Version: 18 structureChanged: true structureIsReused:: SafeModules Elapsed: 46.75090900063515ms
Info 221  [17:41:52.451] Different program with same set of files
Info 222  [17:41:59.131] Starting updateGraphWorker: Project: /home/sage/code/t3-13/tsconfig.json
Info 223  [17:41:59.137] Finishing updateGraphWorker: Project: /home/sage/code/t3-13/tsconfig.json Version: 19 structureChanged: false structureIsReused:: Completely Elapsed: 6.0419740080833435ms
Info 224  [17:41:59.137] Different program with same set of files
Info 225  [17:41:59.773] Starting updateGraphWorker: Project: /home/sage/code/t3-13/tsconfig.json
Info 226  [17:41:59.785] Finishing updateGraphWorker: Project: /home/sage/code/t3-13/tsconfig.json Version: 20 structureChanged: false structureIsReused:: Completely Elapsed: 12.402762994170189ms
Info 227  [17:41:59.785] Different program with same set of files
Info 228  [17:42:00.679] Starting updateGraphWorker: Project: /home/sage/code/t3-13/tsconfig.json
Info 229  [17:42:00.689] Finishing updateGraphWorker: Project: /home/sage/code/t3-13/tsconfig.json Version: 21 structureChanged: false structureIsReused:: Completely Elapsed: 10.597104996442795ms
Info 230  [17:42:00.689] Different program with same set of files
Info 231  [17:42:01.415] DirectoryWatcher:: Triggered with /home/sage/code/t3-13/.next/static/webpack/src/app/layout.4d58c47008cf81db.hot-update.js 0:: WatchInfo: /home/sage/code/t3-13 1 undefined Config: /home/sage/code/t3-13/tsconfig.json WatchType: Wild card directory
Info 232  [17:42:01.416] Elapsed:: 0.33529700338840485ms DirectoryWatcher:: Triggered with /home/sage/code/t3-13/.next/static/webpack/src/app/layout.4d58c47008cf81db.hot-update.js 0:: WatchInfo: /home/sage/code/t3-13 1 undefined Config: /home/sage/code/t3-13/tsconfig.json WatchType: Wild card directory
Info 233  [17:42:01.416] DirectoryWatcher:: Triggered with /home/sage/code/t3-13/.next/static/webpack/webpack.4d58c47008cf81db.hot-update.js 1:: WatchInfo: /home/sage/code/t3-13 1 undefined Config: /home/sage/code/t3-13/tsconfig.json WatchType: Wild card directory
Info 234  [17:42:01.416] Elapsed:: 0.2994239926338196ms DirectoryWatcher:: Triggered with /home/sage/code/t3-13/.next/static/webpack/webpack.4d58c47008cf81db.hot-update.js 1:: WatchInfo: /home/sage/code/t3-13 1 undefined Config: /home/sage/code/t3-13/tsconfig.json WatchType: Wild card directory
Info 235  [17:42:01.416] DirectoryWatcher:: Triggered with /home/sage/code/t3-13/.next/static/webpack/4d58c47008cf81db.webpack.hot-update.json 2:: WatchInfo: /home/sage/code/t3-13 1 undefined Config: /home/sage/code/t3-13/tsconfig.json WatchType: Wild card directory
Info 236  [17:42:01.416] Elapsed:: 0.10079900920391083ms DirectoryWatcher:: Triggered with /home/sage/code/t3-13/.next/static/webpack/4d58c47008cf81db.webpack.hot-update.json 2:: WatchInfo: /home/sage/code/t3-13 1 undefined Config: /home/sage/code/t3-13/tsconfig.json WatchType: Wild card directory
Info 237  [17:42:01.526] Starting updateGraphWorker: Project: /home/sage/code/t3-13/tsconfig.json
Info 238  [17:42:01.527] Finishing updateGraphWorker: Project: /home/sage/code/t3-13/tsconfig.json Version: 22 structureChanged: false structureIsReused:: Completely Elapsed: 0.5044530034065247ms
Info 239  [17:42:02.661] DirectoryWatcher:: Triggered with /home/sage/code/t3-13/.next/static/webpack/webpack.0a87c65770dbc132.hot-update.js 0:: WatchInfo: /home/sage/code/t3-13 1 undefined Config: /home/sage/code/t3-13/tsconfig.json WatchType: Wild card directory
Info 240  [17:42:02.661] Elapsed:: 0.3199180066585541ms DirectoryWatcher:: Triggered with /home/sage/code/t3-13/.next/static/webpack/webpack.0a87c65770dbc132.hot-update.js 0:: WatchInfo: /home/sage/code/t3-13 1 undefined Config: /home/sage/code/t3-13/tsconfig.json WatchType: Wild card directory
Info 241  [17:42:02.661] DirectoryWatcher:: Triggered with /home/sage/code/t3-13/.next/static/webpack/0a87c65770dbc132.webpack.hot-update.json 1:: WatchInfo: /home/sage/code/t3-13 1 undefined Config: /home/sage/code/t3-13/tsconfig.json WatchType: Wild card directory
Info 242  [17:42:02.662] Elapsed:: 0.18151000142097473ms DirectoryWatcher:: Triggered with /home/sage/code/t3-13/.next/static/webpack/0a87c65770dbc132.webpack.hot-update.json 1:: WatchInfo: /home/sage/code/t3-13 1 undefined Config: /home/sage/code/t3-13/tsconfig.json WatchType: Wild card directory
Info 243  [17:42:02.913] Starting updateGraphWorker: Project: /home/sage/code/t3-13/tsconfig.json
Info 244  [17:42:02.913] Finishing updateGraphWorker: Project: /home/sage/code/t3-13/tsconfig.json Version: 23 structureChanged: false structureIsReused:: Completely Elapsed: 0.38231100142002106ms
Info 245  [17:42:05.162] Before ensureProjectForOpenFiles:
Info 246  [17:42:05.162] After ensureProjectForOpenFiles:
Info 247  [17:42:05.162] got projects updated in background, updating diagnostics for /home/sage/code/t3-13/src/_app.tsx,/home/sage/code/t3-13/src/app/layout.tsx
Info 248  [17:43:02.930] DirectoryWatcher:: Triggered with /home/sage/code/t3-13/.next/cache/webpack/client-development/2.pack_ 0:: WatchInfo: /home/sage/code/t3-13 1 undefined Config: /home/sage/code/t3-13/tsconfig.json WatchType: Wild card directory
Info 249  [17:43:02.930] Project: /home/sage/code/t3-13/tsconfig.json Detected file add/remove of non supported extension: /home/sage/code/t3-13/.next/cache/webpack/client-development/2.pack_
Info 250  [17:43:02.930] Elapsed:: 0.07053700089454651ms DirectoryWatcher:: Triggered with /home/sage/code/t3-13/.next/cache/webpack/client-development/2.pack_ 0:: WatchInfo: /home/sage/code/t3-13 1 undefined Config: /home/sage/code/t3-13/tsconfig.json WatchType: Wild card directory
Info 251  [17:43:02.930] DirectoryWatcher:: Triggered with /home/sage/code/t3-13/.next/cache/webpack/client-development/1.pack_ 1:: WatchInfo: /home/sage/code/t3-13 1 undefined Config: /home/sage/code/t3-13/tsconfig.json WatchType: Wild card directory
Info 252  [17:43:02.930] Project: /home/sage/code/t3-13/tsconfig.json Detected file add/remove of non supported extension: /home/sage/code/t3-13/.next/cache/webpack/client-development/1.pack_
Info 253  [17:43:02.930] Elapsed:: 0.027807995676994324ms DirectoryWatcher:: Triggered with /home/sage/code/t3-13/.next/cache/webpack/client-development/1.pack_ 1:: WatchInfo: /home/sage/code/t3-13 1 undefined Config: /home/sage/code/t3-13/tsconfig.json WatchType: Wild card directory
Info 254  [17:43:02.930] DirectoryWatcher:: Triggered with /home/sage/code/t3-13/.next/cache/webpack/client-development/index.pack_ 2:: WatchInfo: /home/sage/code/t3-13 1 undefined Config: /home/sage/code/t3-13/tsconfig.json WatchType: Wild card directory
Info 255  [17:43:02.930] Project: /home/sage/code/t3-13/tsconfig.json Detected file add/remove of non supported extension: /home/sage/code/t3-13/.next/cache/webpack/client-development/index.pack_
Info 256  [17:43:02.930] Elapsed:: 0.024717003107070923ms DirectoryWatcher:: Triggered with /home/sage/code/t3-13/.next/cache/webpack/client-development/index.pack_ 2:: WatchInfo: /home/sage/code/t3-13 1 undefined Config: /home/sage/code/t3-13/tsconfig.json WatchType: Wild card directory
Info 257  [17:43:02.930] DirectoryWatcher:: Triggered with /home/sage/code/t3-13/.next/cache/webpack/client-development/index.pack 3:: WatchInfo: /home/sage/code/t3-13 1 undefined Config: /home/sage/code/t3-13/tsconfig.json WatchType: Wild card directory
Info 258  [17:43:02.930] Project: /home/sage/code/t3-13/tsconfig.json Detected file add/remove of non supported extension: /home/sage/code/t3-13/.next/cache/webpack/client-development/index.pack
Info 259  [17:43:02.930] Elapsed:: 0.022994011640548706ms DirectoryWatcher:: Triggered with /home/sage/code/t3-13/.next/cache/webpack/client-development/index.pack 3:: WatchInfo: /home/sage/code/t3-13 1 undefined Config: /home/sage/code/t3-13/tsconfig.json WatchType: Wild card directory
Info 260  [17:43:02.930] DirectoryWatcher:: Triggered with /home/sage/code/t3-13/.next/cache/webpack/client-development/index.pack.old 4:: WatchInfo: /home/sage/code/t3-13 1 undefined Config: /home/sage/code/t3-13/tsconfig.json WatchType: Wild card directory
Info 261  [17:43:02.930] Project: /home/sage/code/t3-13/tsconfig.json Detected file add/remove of non supported extension: /home/sage/code/t3-13/.next/cache/webpack/client-development/index.pack.old
Info 262  [17:43:02.930] Elapsed:: 0.02444000542163849ms DirectoryWatcher:: Triggered with /home/sage/code/t3-13/.next/cache/webpack/client-development/index.pack.old 4:: WatchInfo: /home/sage/code/t3-13 1 undefined Config: /home/sage/code/t3-13/tsconfig.json WatchType: Wild card directory
Info 263  [17:43:02.930] DirectoryWatcher:: Triggered with /home/sage/code/t3-13/.next/cache/webpack/client-development/2.pack_ 5:: WatchInfo: /home/sage/code/t3-13 1 undefined Config: /home/sage/code/t3-13/tsconfig.json WatchType: Wild card directory
Info 264  [17:43:02.930] Project: /home/sage/code/t3-13/tsconfig.json Detected file add/remove of non supported extension: /home/sage/code/t3-13/.next/cache/webpack/client-development/2.pack_
Info 265  [17:43:02.930] Elapsed:: 0.02234499156475067ms DirectoryWatcher:: Triggered with /home/sage/code/t3-13/.next/cache/webpack/client-development/2.pack_ 5:: WatchInfo: /home/sage/code/t3-13 1 undefined Config: /home/sage/code/t3-13/tsconfig.json WatchType: Wild card directory
Info 266  [17:43:02.930] DirectoryWatcher:: Triggered with /home/sage/code/t3-13/.next/cache/webpack/client-development/2.pack 6:: WatchInfo: /home/sage/code/t3-13 1 undefined Config: /home/sage/code/t3-13/tsconfig.json WatchType: Wild card directory
Info 267  [17:43:02.930] Project: /home/sage/code/t3-13/tsconfig.json Detected file add/remove of non supported extension: /home/sage/code/t3-13/.next/cache/webpack/client-development/2.pack
Info 268  [17:43:02.930] Elapsed:: 0.021901994943618774ms DirectoryWatcher:: Triggered with /home/sage/code/t3-13/.next/cache/webpack/client-development/2.pack 6:: WatchInfo: /home/sage/code/t3-13 1 undefined Config: /home/sage/code/t3-13/tsconfig.json WatchType: Wild card directory
Info 269  [17:43:02.930] DirectoryWatcher:: Triggered with /home/sage/code/t3-13/.next/cache/webpack/client-development/1.pack_ 7:: WatchInfo: /home/sage/code/t3-13 1 undefined Config: /home/sage/code/t3-13/tsconfig.json WatchType: Wild card directory
Info 270  [17:43:02.930] Project: /home/sage/code/t3-13/tsconfig.json Detected file add/remove of non supported extension: /home/sage/code/t3-13/.next/cache/webpack/client-development/1.pack_
Info 271  [17:43:02.930] Elapsed:: 0.022269994020462036ms DirectoryWatcher:: Triggered with /home/sage/code/t3-13/.next/cache/webpack/client-development/1.pack_ 7:: WatchInfo: /home/sage/code/t3-13 1 undefined Config: /home/sage/code/t3-13/tsconfig.json WatchType: Wild card directory
Info 272  [17:43:02.930] DirectoryWatcher:: Triggered with /home/sage/code/t3-13/.next/cache/webpack/client-development/1.pack 8:: WatchInfo: /home/sage/code/t3-13 1 undefined Config: /home/sage/code/t3-13/tsconfig.json WatchType: Wild card directory
Info 273  [17:43:02.930] Project: /home/sage/code/t3-13/tsconfig.json Detected file add/remove of non supported extension: /home/sage/code/t3-13/.next/cache/webpack/client-development/1.pack
Info 274  [17:43:02.930] Elapsed:: 0.02148599922657013ms DirectoryWatcher:: Triggered with /home/sage/code/t3-13/.next/cache/webpack/client-development/1.pack 8:: WatchInfo: /home/sage/code/t3-13 1 undefined Config: /home/sage/code/t3-13/tsconfig.json WatchType: Wild card directory
Info 275  [17:43:02.930] DirectoryWatcher:: Triggered with /home/sage/code/t3-13/.next/cache/webpack/client-development/index.pack_ 9:: WatchInfo: /home/sage/code/t3-13 1 undefined Config: /home/sage/code/t3-13/tsconfig.json WatchType: Wild card directory
Info 276  [17:43:02.930] Project: /home/sage/code/t3-13/tsconfig.json Detected file add/remove of non supported extension: /home/sage/code/t3-13/.next/cache/webpack/client-development/index.pack_
Info 277  [17:43:02.930] Elapsed:: 0.054965004324913025ms DirectoryWatcher:: Triggered with /home/sage/code/t3-13/.next/cache/webpack/client-development/index.pack_ 9:: WatchInfo: /home/sage/code/t3-13 1 undefined Config: /home/sage/code/t3-13/tsconfig.json WatchType: Wild card directory
Info 278  [17:43:02.930] DirectoryWatcher:: Triggered with /home/sage/code/t3-13/.next/cache/webpack/client-development/index.pack 10:: WatchInfo: /home/sage/code/t3-13 1 undefined Config: /home/sage/code/t3-13/tsconfig.json WatchType: Wild card directory
Info 279  [17:43:02.930] Project: /home/sage/code/t3-13/tsconfig.json Detected file add/remove of non supported extension: /home/sage/code/t3-13/.next/cache/webpack/client-development/index.pack
Info 280  [17:43:02.930] Elapsed:: 0.030538007616996765ms DirectoryWatcher:: Triggered with /home/sage/code/t3-13/.next/cache/webpack/client-development/index.pack 10:: WatchInfo: /home/sage/code/t3-13 1 undefined Config: /home/sage/code/t3-13/tsconfig.json WatchType: Wild card directory
Info 281  [17:43:02.930] DirectoryWatcher:: Triggered with /home/sage/code/t3-13/.next/cache/webpack/server-development/2.pack_ 11:: WatchInfo: /home/sage/code/t3-13 1 undefined Config: /home/sage/code/t3-13/tsconfig.json WatchType: Wild card directory
Info 282  [17:43:02.930] Project: /home/sage/code/t3-13/tsconfig.json Detected file add/remove of non supported extension: /home/sage/code/t3-13/.next/cache/webpack/server-development/2.pack_
Info 283  [17:43:02.930] Elapsed:: 0.03734099864959717ms DirectoryWatcher:: Triggered with /home/sage/code/t3-13/.next/cache/webpack/server-development/2.pack_ 11:: WatchInfo: /home/sage/code/t3-13 1 undefined Config: /home/sage/code/t3-13/tsconfig.json WatchType: Wild card directory
Info 284  [17:43:02.930] DirectoryWatcher:: Triggered with /home/sage/code/t3-13/.next/cache/webpack/server-development/1.pack_ 12:: WatchInfo: /home/sage/code/t3-13 1 undefined Config: /home/sage/code/t3-13/tsconfig.json WatchType: Wild card directory
Info 285  [17:43:02.930] Project: /home/sage/code/t3-13/tsconfig.json Detected file add/remove of non supported extension: /home/sage/code/t3-13/.next/cache/webpack/server-development/1.pack_
Info 286  [17:43:02.930] Elapsed:: 0.029361993074417114ms DirectoryWatcher:: Triggered with /home/sage/code/t3-13/.next/cache/webpack/server-development/1.pack_ 12:: WatchInfo: /home/sage/code/t3-13 1 undefined Config: /home/sage/code/t3-13/tsconfig.json WatchType: Wild card directory
Info 287  [17:43:02.930] DirectoryWatcher:: Triggered with /home/sage/code/t3-13/.next/cache/webpack/server-development/3.pack_ 13:: WatchInfo: /home/sage/code/t3-13 1 undefined Config: /home/sage/code/t3-13/tsconfig.json WatchType: Wild card directory
Info 288  [17:43:02.931] Project: /home/sage/code/t3-13/tsconfig.json Detected file add/remove of non supported extension: /home/sage/code/t3-13/.next/cache/webpack/server-development/3.pack_
Info 289  [17:43:02.931] Elapsed:: 0.035464003682136536ms DirectoryWatcher:: Triggered with /home/sage/code/t3-13/.next/cache/webpack/server-development/3.pack_ 13:: WatchInfo: /home/sage/code/t3-13 1 undefined Config: /home/sage/code/t3-13/tsconfig.json WatchType: Wild card directory
Info 290  [17:43:02.931] DirectoryWatcher:: Triggered with /home/sage/code/t3-13/.next/cache/webpack/server-development/index.pack_ 14:: WatchInfo: /home/sage/code/t3-13 1 undefined Config: /home/sage/code/t3-13/tsconfig.json WatchType: Wild card directory
Info 291  [17:43:02.931] Project: /home/sage/code/t3-13/tsconfig.json Detected file add/remove of non supported extension: /home/sage/code/t3-13/.next/cache/webpack/server-development/index.pack_
Info 292  [17:43:02.931] Elapsed:: 0.029027000069618225ms DirectoryWatcher:: Triggered with /home/sage/code/t3-13/.next/cache/webpack/server-development/index.pack_ 14:: WatchInfo: /home/sage/code/t3-13 1 undefined Config: /home/sage/code/t3-13/tsconfig.json WatchType: Wild card directory
Info 293  [17:43:02.931] DirectoryWatcher:: Triggered with /home/sage/code/t3-13/.next/cache/webpack/server-development/index.pack 15:: WatchInfo: /home/sage/code/t3-13 1 undefined Config: /home/sage/code/t3-13/tsconfig.json WatchType: Wild card directory
Info 294  [17:43:02.931] Project: /home/sage/code/t3-13/tsconfig.json Detected file add/remove of non supported extension: /home/sage/code/t3-13/.next/cache/webpack/server-development/index.pack
Info 295  [17:43:02.931] Elapsed:: 0.03000500798225403ms DirectoryWatcher:: Triggered with /home/sage/code/t3-13/.next/cache/webpack/server-development/index.pack 15:: WatchInfo: /home/sage/code/t3-13 1 undefined Config: /home/sage/code/t3-13/tsconfig.json WatchType: Wild card directory
Info 296  [17:43:02.931] DirectoryWatcher:: Triggered with /home/sage/code/t3-13/.next/cache/webpack/server-development/index.pack.old 16:: WatchInfo: /home/sage/code/t3-13 1 undefined Config: /home/sage/code/t3-13/tsconfig.json WatchType: Wild card directory
Info 297  [17:43:02.931] Project: /home/sage/code/t3-13/tsconfig.json Detected file add/remove of non supported extension: /home/sage/code/t3-13/.next/cache/webpack/server-development/index.pack.old
Info 298  [17:43:02.931] Elapsed:: 0.029185011982917786ms DirectoryWatcher:: Triggered with /home/sage/code/t3-13/.next/cache/webpack/server-development/index.pack.old 16:: WatchInfo: /home/sage/code/t3-13 1 undefined Config: /home/sage/code/t3-13/tsconfig.json WatchType: Wild card directory
Info 299  [17:43:02.931] DirectoryWatcher:: Triggered with /home/sage/code/t3-13/.next/cache/webpack/server-development/1.pack_ 17:: WatchInfo: /home/sage/code/t3-13 1 undefined Config: /home/sage/code/t3-13/tsconfig.json WatchType: Wild card directory
Info 300  [17:43:02.931] Project: /home/sage/code/t3-13/tsconfig.json Detected file add/remove of non supported extension: /home/sage/code/t3-13/.next/cache/webpack/server-development/1.pack_
Info 301  [17:43:02.931] Elapsed:: 0.0286950021982193ms DirectoryWatcher:: Triggered with /home/sage/code/t3-13/.next/cache/webpack/server-development/1.pack_ 17:: WatchInfo: /home/sage/code/t3-13 1 undefined Config: /home/sage/code/t3-13/tsconfig.json WatchType: Wild card directory
Info 302  [17:43:02.931] DirectoryWatcher:: Triggered with /home/sage/code/t3-13/.next/cache/webpack/server-development/1.pack 18:: WatchInfo: /home/sage/code/t3-13 1 undefined Config: /home/sage/code/t3-13/tsconfig.json WatchType: Wild card directory
Info 303  [17:43:02.931] Project: /home/sage/code/t3-13/tsconfig.json Detected file add/remove of non supported extension: /home/sage/code/t3-13/.next/cache/webpack/server-development/1.pack
Info 304  [17:43:02.931] Elapsed:: 0.02879999577999115ms DirectoryWatcher:: Triggered with /home/sage/code/t3-13/.next/cache/webpack/server-development/1.pack 18:: WatchInfo: /home/sage/code/t3-13 1 undefined Config: /home/sage/code/t3-13/tsconfig.json WatchType: Wild card directory
Info 305  [17:43:02.931] DirectoryWatcher:: Triggered with /home/sage/code/t3-13/.next/cache/webpack/server-development/3.pack_ 19:: WatchInfo: /home/sage/code/t3-13 1 undefined Config: /home/sage/code/t3-13/tsconfig.json WatchType: Wild card directory
Info 306  [17:43:02.931] Project: /home/sage/code/t3-13/tsconfig.json Detected file add/remove of non supported extension: /home/sage/code/t3-13/.next/cache/webpack/server-development/3.pack_
Info 307  [17:43:02.931] Elapsed:: 0.03519299626350403ms DirectoryWatcher:: Triggered with /home/sage/code/t3-13/.next/cache/webpack/server-development/3.pack_ 19:: WatchInfo: /home/sage/code/t3-13 1 undefined Config: /home/sage/code/t3-13/tsconfig.json WatchType: Wild card directory
Info 308  [17:43:02.931] DirectoryWatcher:: Triggered with /home/sage/code/t3-13/.next/cache/webpack/server-development/3.pack 20:: WatchInfo: /home/sage/code/t3-13 1 undefined Config: /home/sage/code/t3-13/tsconfig.json WatchType: Wild card directory
Info 309  [17:43:02.931] Project: /home/sage/code/t3-13/tsconfig.json Detected file add/remove of non supported extension: /home/sage/code/t3-13/.next/cache/webpack/server-development/3.pack
Info 310  [17:43:02.931] Elapsed:: 0.028657004237174988ms DirectoryWatcher:: Triggered with /home/sage/code/t3-13/.next/cache/webpack/server-development/3.pack 20:: WatchInfo: /home/sage/code/t3-13 1 undefined Config: /home/sage/code/t3-13/tsconfig.json WatchType: Wild card directory
Info 311  [17:43:02.931] DirectoryWatcher:: Triggered with /home/sage/code/t3-13/.next/cache/webpack/server-development/2.pack_ 21:: WatchInfo: /home/sage/code/t3-13 1 undefined Config: /home/sage/code/t3-13/tsconfig.json WatchType: Wild card directory
Info 312  [17:43:02.931] Project: /home/sage/code/t3-13/tsconfig.json Detected file add/remove of non supported extension: /home/sage/code/t3-13/.next/cache/webpack/server-development/2.pack_
Info 313  [17:43:02.931] Elapsed:: 0.029463991522789ms DirectoryWatcher:: Triggered with /home/sage/code/t3-13/.next/cache/webpack/server-development/2.pack_ 21:: WatchInfo: /home/sage/code/t3-13 1 undefined Config: /home/sage/code/t3-13/tsconfig.json WatchType: Wild card directory
Info 314  [17:43:02.931] DirectoryWatcher:: Triggered with /home/sage/code/t3-13/.next/cache/webpack/server-development/2.pack 22:: WatchInfo: /home/sage/code/t3-13 1 undefined Config: /home/sage/code/t3-13/tsconfig.json WatchType: Wild card directory
Info 315  [17:43:02.931] Project: /home/sage/code/t3-13/tsconfig.json Detected file add/remove of non supported extension: /home/sage/code/t3-13/.next/cache/webpack/server-development/2.pack
Info 316  [17:43:02.931] Elapsed:: 0.04615101218223572ms DirectoryWatcher:: Triggered with /home/sage/code/t3-13/.next/cache/webpack/server-development/2.pack 22:: WatchInfo: /home/sage/code/t3-13 1 undefined Config: /home/sage/code/t3-13/tsconfig.json WatchType: Wild card directory
Info 317  [17:43:02.931] DirectoryWatcher:: Triggered with /home/sage/code/t3-13/.next/cache/webpack/server-development/index.pack_ 23:: WatchInfo: /home/sage/code/t3-13 1 undefined Config: /home/sage/code/t3-13/tsconfig.json WatchType: Wild card directory
Info 318  [17:43:02.931] Project: /home/sage/code/t3-13/tsconfig.json Detected file add/remove of non supported extension: /home/sage/code/t3-13/.next/cache/webpack/server-development/index.pack_
Info 319  [17:43:02.931] Elapsed:: 0.0363830029964447ms DirectoryWatcher:: Triggered with /home/sage/code/t3-13/.next/cache/webpack/server-development/index.pack_ 23:: WatchInfo: /home/sage/code/t3-13 1 undefined Config: /home/sage/code/t3-13/tsconfig.json WatchType: Wild card directory
Info 320  [17:43:02.931] DirectoryWatcher:: Triggered with /home/sage/code/t3-13/.next/cache/webpack/server-development/index.pack 24:: WatchInfo: /home/sage/code/t3-13 1 undefined Config: /home/sage/code/t3-13/tsconfig.json WatchType: Wild card directory
Info 321  [17:43:02.931] Project: /home/sage/code/t3-13/tsconfig.json Detected file add/remove of non supported extension: /home/sage/code/t3-13/.next/cache/webpack/server-development/index.pack
Info 322  [17:43:02.931] Elapsed:: 0.02842700481414795ms DirectoryWatcher:: Triggered with /home/sage/code/t3-13/.next/cache/webpack/server-development/index.pack 24:: WatchInfo: /home/sage/code/t3-13 1 undefined Config: /home/sage/code/t3-13/tsconfig.json WatchType: Wild card directory
